<?xml version="1.0" encoding="UTF-8"?>
<!-- Generated by org.testng.reporters.JUnitReportReporter -->
<testsuite hostname="FVFHXGU1Q6LR" failures="0" tests="7" name="Practice_TestNg.A" time="0.008" errors="0" timestamp="2023-05-10T11:52:36 IST" skipped="0">
  <testcase classname="Practice_TestNg.A" name="D" time="0.003"/>
  <system-out/>
  <testcase classname="Practice_TestNg.A" name="G" time="0.001"/>
  <system-out/>
  <testcase classname="Practice_TestNg.A" name="B" time="0.000"/>
  <system-out/>
  <testcase classname="Practice_TestNg.A" name="E" time="0.001"/>
  <system-out/>
  <testcase classname="Practice_TestNg.A" name="A" time="0.001"/>
  <system-out/>
  <testcase classname="Practice_TestNg.A" name="C" time="0.001"/>
  <system-out/>
  <testcase classname="Practice_TestNg.A" name="F" time="0.001"/>
  <system-out/>
</testsuite> <!-- Practice_TestNg.A -->
