<?xml version="1.0" encoding="UTF-8"?>
<!-- Generated by org.testng.reporters.JUnitReportReporter -->
<testsuite hostname="FVFHXGU1Q6LR" failures="0" tests="1" name="TestNg.C1" time="0.005" errors="0" timestamp="2023-05-19T11:27:58 IST" skipped="0">
  <testcase classname="TestNg.C1" name="testCase1" time="0.005"/>
  <system-out/>
</testsuite> <!-- TestNg.C1 -->
