<?xml version="1.0" encoding="UTF-8"?>
<!-- Generated by org.testng.reporters.JUnitReportReporter -->
<testsuite hostname="FVFHXGU1Q6LR" failures="0" tests="1" name="TestNg.C2" time="0.006" errors="0" timestamp="2023-05-19T11:27:58 IST" skipped="0">
  <testcase classname="TestNg.C2" name="Class2TC1" time="0.006"/>
  <system-out/>
</testsuite> <!-- TestNg.C2 -->
