<?xml version="1.0" encoding="UTF-8"?>
<!-- Generated by org.testng.reporters.JUnitReportReporter -->
<testsuite hostname="FVFHXGU1Q6LR" failures="0" tests="2" name="Practice_TestNg.C$C1" time="0.000" errors="0" timestamp="2023-05-10T10:08:33 IST" skipped="0">
  <testcase classname="Practice_TestNg.C$C1" name="testCase2" time="0.000"/>
  <system-out/>
  <testcase classname="Practice_TestNg.C$C1" name="testCase1" time="0.000"/>
  <system-out/>
</testsuite> <!-- Practice_TestNg.C$C1 -->
