<?xml version="1.0" encoding="UTF-8"?>
<!-- Generated by org.testng.reporters.JUnitReportReporter -->
<testsuite hostname="FVFHXGU1Q6LR" failures="0" tests="2" name="Practice_TestNg.A$C1" time="0.004" errors="0" timestamp="2023-05-10T11:26:32 IST" skipped="0">
  <testcase classname="Practice_TestNg.A$C1" name="A" time="0.003"/>
  <system-out/>
  <testcase classname="Practice_TestNg.A$C1" name="B" time="0.001"/>
  <system-out/>
</testsuite> <!-- Practice_TestNg.A$C1 -->
